heap profile: 3: 5767200 [5501: 157602824] @ heap/1048576
1: 5767168 [1: 5767168] @ 0x1fae77 0x1470b3 0x7f485 0x7fa4f 0x73cea 0x74508 0x5d8b1
2: 32 [2: 32] @ 0x45621 0x454ee 0xee88e 0xec733 0xe9526 0xeb9e0 0xe94ec 0xe8baa 0xfb6da 0x7f3f4 0x7fa4f 0x73cea 0x74508 0x5d8b1
0: 0 [0: 0] @ 0xe490a 0xe47be 0x7bfb0 0x7ad5d 0x2276 0x2e124 0x5d8b1
0: 0 [1: 16] @ 0xf9c6c 0xe91c8 0xe942c 0xe8baa 0xfb6da 0x7f3f4 0x7fa4f 0x73cea 0x74508 0x5d8b1
0: 0 [1: 176] @ 0xf0c6c 0xfc05d 0x7f592 0x7fa4f 0x73cea 0x74508 0x5d8b1
0: 0 [2: 32] @ 0xf9c6c 0xfba2f 0xfb60e 0x7f3f4 0x7fa4f 0x73cea 0x74508 0x5d8b1
0: 0 [1: 8] @ 0xf11af 0xf112c 0xf106f 0xf0d48 0xfc09e 0x7f592 0x7fa4f 0x73cea 0x74508 0x5d8b1
0: 0 [1: 48] @ 0x7f8d5 0x73cea 0x74508 0x5d8b1
0: 0 [1: 4612096] @ 0x1fae77 0x1470b3 0x7f485 0x7fa4f 0x73cea 0x74508 0x5d8b1
0: 0 [1: 3686400] @ 0x1fae77 0x1470b3 0x7f485 0x7fa4f 0x73cea 0x74508 0x5d8b1
0: 0 [1: 1408] @ 0x9dcaa 0x9db8f 0x9d7ef 0xf0c01 0xfc05d 0x7f592 0x7fa4f 0x73cea 0x74508 0x5d8b1
0: 0 [1: 2949120] @ 0x1fae77 0x1470b3 0x7f485 0x7fa4f 0x73cea 0x74508 0x5d8b1
0: 0 [4: 128] @ 0x6551d 0x69ed4 0x67990 0x6aba8 0x1fab4c 0x1470b3 0x7f485 0x7fa4f 0x73cea 0x74508 0x5d8b1
0: 0 [1: 16] @ 0xe662 0x1fd61d 0x1fa301 0x1fabf7 0x1470b3 0x7f485 0x7fa4f 0x73cea 0x74508 0x5d8b1
0: 0 [1: 16] @ 0x7f3cb 0x7fa4f 0x73cea 0x74508 0x5d8b1
0: 0 [1: 2359296] @ 0x1fae77 0x1470b3 0x7f485 0x7fa4f 0x73cea 0x74508 0x5d8b1
0: 0 [1: 16] @ 0x9ddb8 0x9db8f 0x9d7ef 0xf0c01 0xfc05d 0x7f592 0x7fa4f 0x73cea 0x74508 0x5d8b1
0: 0 [1: 1884160] @ 0x1fae77 0x1470b3 0x7f485 0x7fa4f 0x73cea 0x74508 0x5d8b1
0: 0 [1: 16] @ 0xa2400 0xa1fcb 0xa68b3 0x699ff 0x69971 0x6a0dd 0x1fab25 0x1470b3 0x7f485 0x7fa4f 0x73cea 0x74508 0x5d8b1
0: 0 [3: 48] @ 0xaf4e1 0x69a3d 0x69971 0x6a0dd 0x1fab25 0x1470b3 0x7f485 0x7fa4f 0x73cea 0x74508 0x5d8b1
0: 0 [2: 32] @ 0xa397e 0xa3195 0xa71e0 0x699ff 0x69971 0x6a0dd 0x1fab25 0x1470b3 0x7f485 0x7fa4f 0x73cea 0x74508 0x5d8b1
0: 0 [1: 1507328] @ 0x1fae77 0x1470b3 0x7f485 0x7fa4f 0x73cea 0x74508 0x5d8b1
0: 0 [7: 336] @ 0x9f068 0x69a77 0x69971 0x6a0dd 0x1fab25 0x1470b3 0x7f485 0x7fa4f 0x73cea 0x74508 0x5d8b1
0: 0 [2: 32] @ 0xe662 0x1fd4d8 0x1fa301 0x1fabf7 0x1470b3 0x7f485 0x7fa4f 0x73cea 0x74508 0x5d8b1
0: 0 [11: 1232] @ 0x1f96d1 0x1facc2 0x1470b3 0x7f485 0x7fa4f 0x73cea 0x74508 0x5d8b1
0: 0 [3: 48] @ 0xe662 0x1fd42e 0x1fa301 0x1fabf7 0x1470b3 0x7f485 0x7fa4f 0x73cea 0x74508 0x5d8b1
0: 0 [6: 576] @ 0x67cfe 0x6aba8 0x1fab4c 0x1470b3 0x7f485 0x7fa4f 0x73cea 0x74508 0x5d8b1
0: 0 [2: 32] @ 0xe716 0x14789e 0x7f956 0x73cea 0x74508 0x5d8b1
0: 0 [5: 80] @ 0x148284 0x1480a4 0x147d82 0x147f1f 0xfc1f3 0x7f592 0x7fa4f 0x73cea 0x74508 0x5d8b1
0: 0 [1: 303104] @ 0x1fae77 0x1470b3 0x7f485 0x7fa4f 0x73cea 0x74508 0x5d8b1
0: 0 [1: 32] @ 0x45621 0x450f7 0x453f7 0x1474ec 0x7f956 0x73cea 0x74508 0x5d8b1
0: 0 [2: 32] @ 0xe662 0x1fd515 0x1fa301 0x1fabf7 0x1470b3 0x7f485 0x7fa4f 0x73cea 0x74508 0x5d8b1
0: 0 [5: 80] @ 0xa1ee1 0xa26b3 0xa63f5 0x699ff 0x69971 0x6a0dd 0x1fab25 0x1470b3 0x7f485 0x7fa4f 0x73cea 0x74508 0x5d8b1
0: 0 [2: 16] @ 0x6a01a 0x67c5e 0x6aba8 0x1fab4c 0x1470b3 0x7f485 0x7fa4f 0x73cea 0x74508 0x5d8b1
0: 0 [7: 672] @ 0x147a6c 0x7f956 0x73cea 0x74508 0x5d8b1
0: 0 [2: 2408448] @ 0x1fae77 0x1470b3 0x7f485 0x7fa4f 0x73cea 0x74508 0x5d8b1
0: 0 [1: 32] @ 0x6561f 0x69ed4 0x67990 0x6aba8 0x1fab4c 0x1470b3 0x7f485 0x7fa4f 0x73cea 0x74508 0x5d8b1
0: 0 [3: 4224] @ 0x9dcaa 0x9db8f 0x9d7ef 0xd83a1 0xd88e6 0x1fd5a7 0x1fa301 0x1fabf7 0x1470b3 0x7f485 0x7fa4f 0x73cea 0x74508 0x5d8b1
0: 0 [2: 64] @ 0xa397e 0xa3195 0xa71e0 0x699ff 0x69971 0x6a0dd 0x1fab25 0x1470b3 0x7f485 0x7fa4f 0x73cea 0x74508 0x5d8b1
0: 0 [5: 240] @ 0x92cb 0x1481cd 0x1480a4 0x147d82 0x147f1f 0xfc1f3 0x7f592 0x7fa4f 0x73cea 0x74508 0x5d8b1
0: 0 [5: 160] @ 0x147510 0x7f956 0x73cea 0x74508 0x5d8b1
0: 0 [2: 1916928] @ 0x1fae77 0x1470b3 0x7f485 0x7fa4f 0x73cea 0x74508 0x5d8b1
0: 0 [39: 19968] @ 0xfbeec 0xfbac8 0xfb60e 0x7f3f4 0x7fa4f 0x73cea 0x74508 0x5d8b1
0: 0 [4: 128] @ 0x45621 0x454ee 0x1e51ee 0x120385 0x1202b0 0x147593 0x7f956 0x73cea 0x74508 0x5d8b1
0: 0 [7: 336] @ 0x45621 0x454ee 0xd8956 0x1fd5a7 0x1fa301 0x1fabf7 0x1470b3 0x7f485 0x7fa4f 0x73cea 0x74508 0x5d8b1
0: 0 [2: 1523712] @ 0x1fae77 0x1470b3 0x7f485 0x7fa4f 0x73cea 0x74508 0x5d8b1
0: 0 [1: 1408] @ 0x9dcaa 0x9db8f 0x9d7ef 0x120111 0x120350 0x1202b0 0x147593 0x7f956 0x73cea 0x74508 0x5d8b1
0: 0 [9: 1152] @ 0x65660 0x69ed4 0x67990 0x6aba8 0x1fab4c 0x1470b3 0x7f485 0x7fa4f 0x73cea 0x74508 0x5d8b1
0: 0 [2: 1212416] @ 0x1fae77 0x1470b3 0x7f485 0x7fa4f 0x73cea 0x74508 0x5d8b1
0: 0 [6: 288] @ 0x92cb 0x1e7205 0x120622 0x1202b0 0x147593 0x7f956 0x73cea 0x74508 0x5d8b1
0: 0 [7: 224] @ 0xa1ee1 0xa26b3 0xa63f5 0x699ff 0x69971 0x6a0dd 0x1fab25 0x1470b3 0x7f485 0x7fa4f 0x73cea 0x74508 0x5d8b1
0: 0 [1: 483328] @ 0x1fae77 0x1470b3 0x7f485 0x7fa4f 0x73cea 0x74508 0x5d8b1
0: 0 [4: 192] @ 0x9f376 0x69a77 0x69971 0x6a0dd 0x1fab25 0x1470b3 0x7f485 0x7fa4f 0x73cea 0x74508 0x5d8b1
0: 0 [1: 16] @ 0x4573b 0x69c40 0x69971 0x6a0dd 0x1fab25 0x1470b3 0x7f485 0x7fa4f 0x73cea 0x74508 0x5d8b1
0: 0 [7: 672] @ 0xa6164 0x699ff 0x69971 0x6a0dd 0x1fab25 0x1470b3 0x7f485 0x7fa4f 0x73cea 0x74508 0x5d8b1
0: 0 [2: 32] @ 0x1e4f6d 0x11c5b3 0x147def 0x147f1f 0xfc1f3 0x7f592 0x7fa4f 0x73cea 0x74508 0x5d8b1
0: 0 [1: 385024] @ 0x1fae77 0x1470b3 0x7f485 0x7fa4f 0x73cea 0x74508 0x5d8b1
0: 0 [15: 2400] @ 0xa1c3f 0x9f4e5 0xa0112 0x9f15f 0x69a77 0x69971 0x6a0dd 0x1fab25 0x1470b3 0x7f485 0x7fa4f 0x73cea 0x74508 0x5d8b1
0: 0 [12: 1344] @ 0x7f9a5 0x73cea 0x74508 0x5d8b1
0: 0 [19: 2432] @ 0x6555e 0x69ed4 0x67990 0x6aba8 0x1fab4c 0x1470b3 0x7f485 0x7fa4f 0x73cea 0x74508 0x5d8b1
0: 0 [25: 2800] @ 0xa3cc8 0xa3195 0xa71e0 0x699ff 0x69971 0x6a0dd 0x1fab25 0x1470b3 0x7f485 0x7fa4f 0x73cea 0x74508 0x5d8b1
0: 0 [10: 640] @ 0xcd0fb 0xcd5eb 0x1fab86 0x1470b3 0x7f485 0x7fa4f 0x73cea 0x74508 0x5d8b1
0: 0 [12: 1344] @ 0xacb39 0x69bba 0x69971 0x6a0dd 0x1fab25 0x1470b3 0x7f485 0x7fa4f 0x73cea 0x74508 0x5d8b1
0: 0 [15: 1920] @ 0x19bc20 0x19bb8a 0x1205a0 0x1202b0 0x147593 0x7f956 0x73cea 0x74508 0x5d8b1
0: 0 [2: 475136] @ 0x1fae77 0x1470b3 0x7f485 0x7fa4f 0x73cea 0x74508 0x5d8b1
0: 0 [3: 48] @ 0x65781 0x69ed4 0x67990 0x6aba8 0x1fab4c 0x1470b3 0x7f485 0x7fa4f 0x73cea 0x74508 0x5d8b1
0: 0 [8: 384] @ 0x92cb 0x7f98b 0x73cea 0x74508 0x5d8b1
0: 0 [1: 188416] @ 0x1fae77 0x1470b3 0x7f485 0x7fa4f 0x73cea 0x74508 0x5d8b1
0: 0 [3: 96] @ 0xe662 0x7f56d 0x7fa4f 0x73cea 0x74508 0x5d8b1
0: 0 [36: 10368] @ 0x6548f 0x69ed4 0x67990 0x6aba8 0x1fab4c 0x1470b3 0x7f485 0x7fa4f 0x73cea 0x74508 0x5d8b1
0: 0 [13: 832] @ 0x7f9bf 0x73cea 0x74508 0x5d8b1
0: 0 [10: 800] @ 0xa1c3f 0x9f4e5 0xa0112 0x9f15f 0x69a77 0x69971 0x6a0dd 0x1fab25 0x1470b3 0x7f485 0x7fa4f 0x73cea 0x74508 0x5d8b1
0: 0 [58: 24128] @ 0x7f33d 0x7fa4f 0x73cea 0x74508 0x5d8b1
0: 0 [30: 7200] @ 0x12036a 0x1202b0 0x147593 0x7f956 0x73cea 0x74508 0x5d8b1
0: 0 [57: 18240] @ 0xa1c3f 0x9f76a 0xa0592 0xa015b 0x9f15f 0x69a77 0x69971 0x6a0dd 0x1fab25 0x1470b3 0x7f485 0x7fa4f 0x73cea 0x74508 0x5d8b1
0: 0 [31: 10912] @ 0xa512 0x1e4fda 0x11c5b3 0x147def 0x147f1f 0xfc1f3 0x7f592 0x7fa4f 0x73cea 0x74508 0x5d8b1
0: 0 [18: 2880] @ 0x69ace 0x69971 0x6a0dd 0x1fab25 0x1470b3 0x7f485 0x7fa4f 0x73cea 0x74508 0x5d8b1
0: 0 [45: 15840] @ 0xa512 0x148357 0x1480a4 0x147d82 0x147f1f 0xfc1f3 0x7f592 0x7fa4f 0x73cea 0x74508 0x5d8b1
0: 0 [13: 1456] @ 0xa6aa6 0x699ff 0x69971 0x6a0dd 0x1fab25 0x1470b3 0x7f485 0x7fa4f 0x73cea 0x74508 0x5d8b1
0: 0 [686: 4214784] @ 0x64598 0x65171 0x67c35 0x6aba8 0x1fab4c 0x1470b3 0x7f485 0x7fa4f 0x73cea 0x74508 0x5d8b1
0: 0 [36: 4032] @ 0xa259e 0xa269b 0xa63f5 0x699ff 0x69971 0x6a0dd 0x1fab25 0x1470b3 0x7f485 0x7fa4f 0x73cea 0x74508 0x5d8b1
0: 0 [499: 2043904] @ 0x147a98 0x7f956 0x73cea 0x74508 0x5d8b1
0: 0 [3648: 119537664] @ 0x6452b 0x65171 0x67c35 0x6aba8 0x1fab4c 0x1470b3 0x7f485 0x7fa4f 0x73cea 0x74508 0x5d8b1

# runtime.MemStats
# Alloc = 8711376
# TotalAlloc = 2954509936
# Sys = 35555640
# Lookups = 6
# Mallocs = 4109486
# Frees = 3954051
# HeapAlloc = 8711376
# HeapSys = 26836992
# HeapIdle = 17653760
# HeapInuse = 9183232
# HeapReleased = 0
# HeapObjects = 155435
# Stack = 557056 / 557056
# MSpan = 100160 / 147456
# MCache = 9600 / 16384
# BuckHashSys = 1461195
# NextGC = 16878716
# PauseNs = [122037 72971 106304 89923 87296 81716 115485 99912 96406 84596 124286 72065 85658 64067 157515 110838 77817 66089 97390 92636 124514 77467 96071 72258 128734 62739 57127 56765 55569 106469 84807 6210716 107357 66447 69219 82469 58106 73583 85118 75931 83901 108069 76736 100654 87756 71154 76728 79139 67712 68473 92437 71060 75980 80477 73042 73702 81535 88250 72925 90359 81206 79379 71839 84034 122227 92164 68217 79218 63161 70259 94849 119246 69270 120805 83106 122849 77214 63446 79333 62742 71172 114564 63901 91772 86267 66363 96644 100392 133959 78921 89237 84931 68749 72759 72321 120754 74672 71486 93855 78681 92396 97448 73874 84286 60733 98793 144637 82946 72420 100229 64016 125650 73580 76786 73629 81921 70043 91633 79691 75090 107210 73023 115126 67626 70873 64649 67911 109065 104095 74378 145462 148173 79222 104363 65655 64561 94548 77451 82661 98991 59795 124538 67704 86000 276415 86944 84635 75386 80775 88759 94450 90252 146966 79131 96757 105878 237440 114055 98047 79995 84118 90235 116703 117964 79672 99545 71998 80397 74114 104868 101868 90589 74054 76056 76162 91402 93666 78217 71097 105800 73980 82511 74428 77174 93574 88886 70806 81131 90159 147024 157185 103396 107623 219079 99378 102031 83298 72550 71127 83790 76866 74603 104204 53071 77785 79709 79721 91254 86334 72186 75620 85801 61254 89624 78190 128949 102450 63152 93548 84772 131617 80399 117219 98246 93234 109953 81168 86654 70881 113737 193431 103561 85257 97562 53319 75601 68622 89119 74340 82353 81329 91650 75993 83484 83261 99323 69501 59112 94810 85627 81087 59615 76304 100748 102310 120545]
# NumGC = 800
# DebugGC = false
